<?xml version="1.0" encoding="UTF-8"?>
<!-- Generated by org.testng.reporters.JUnitReportReporter -->
<testsuite skipped="0" hostname="DESKTOP-B75F35K" name="smokeTest.ValidateSmokeTest" tests="9" failures="0" timestamp="25 Oct 2018 12:36:54 GMT" time="62.865" errors="0">
  <testcase name="ValidateLogin" time="9.340" classname="smokeTest.ValidateSmokeTest"/>
  <testcase name="ValidateMarkITPlacePage" time="5.104" classname="smokeTest.ValidateSmokeTest"/>
  <testcase name="ValidateManageTab" time="5.075" classname="smokeTest.ValidateSmokeTest"/>
  <testcase name="ValidateInsightTab" time="5.070" classname="smokeTest.ValidateSmokeTest"/>
  <testcase name="ValidateNotificationPage" time="1.193" classname="smokeTest.ValidateSmokeTest"/>
  <testcase name="ValidateLogo" time="5.087" classname="smokeTest.ValidateSmokeTest"/>
  <testcase name="ValidateLogout" time="10.158" classname="smokeTest.ValidateSmokeTest"/>
  <testcase name="ValidateForgetPswd" time="11.317" classname="smokeTest.ValidateSmokeTest"/>
  <testcase name="ValidateRegPage" time="10.521" classname="smokeTest.ValidateSmokeTest"/>
</testsuite> <!-- smokeTest.ValidateSmokeTest -->
