<?xml version="1.0" encoding="UTF-8"?>
<!-- Generated by org.testng.reporters.JUnitReportReporter -->
<testsuite skipped="4" hostname="DESKTOP-B75F35K" name="smokeTest.ValidateSmokeTest" tests="22" failures="0" timestamp="19 Nov 2018 08:44:39 GMT" time="99.296" errors="0">
  <testcase name="ValidateLogin" time="14.873" classname="smokeTest.ValidateSmokeTest"/>
  <testcase name="ValidateMarkITPlacePage" time="2.361" classname="smokeTest.ValidateSmokeTest"/>
  <testcase name="ValidateManageTab" time="2.195" classname="smokeTest.ValidateSmokeTest"/>
  <testcase name="ValidateInsightTab" time="3.341" classname="smokeTest.ValidateSmokeTest"/>
  <testcase name="ValidateNotificationPage" time="2.176" classname="smokeTest.ValidateSmokeTest"/>
  <testcase name="ValidateLogo" time="5.148" classname="smokeTest.ValidateSmokeTest"/>
  <testcase name="ValidateMyProfile" time="5.716" classname="smokeTest.ValidateSmokeTest"/>
  <testcase name="ValidateEditProfile" time="7.192" classname="smokeTest.ValidateSmokeTest"/>
  <testcase name="ValidateChangePassword" time="7.361" classname="smokeTest.ValidateSmokeTest"/>
  <testcase name="ValidateCatalogRestriction" time="2.241" classname="smokeTest.ValidateSmokeTest"/>
  <testcase name="ValidateDomainLink" time="2.241" classname="smokeTest.ValidateSmokeTest"/>
  <testcase name="ValidateAddressPage" time="9.629" classname="smokeTest.ValidateSmokeTest"/>
  <testcase name="ValidateUsersPage" time="12.716" classname="smokeTest.ValidateSmokeTest"/>
  <testcase name="ValidateRequestTab" time="3.174" classname="smokeTest.ValidateSmokeTest"/>
  <testcase name="ValidateInviteTab" time="2.178" classname="smokeTest.ValidateSmokeTest"/>
  <testcase name="ValidateLogout" time="4.609" classname="smokeTest.ValidateSmokeTest"/>
  <testcase name="ValidateForgetPswd" time="8.263" classname="smokeTest.ValidateSmokeTest"/>
  <testcase name="ValidateRegPage" time="3.882" classname="smokeTest.ValidateSmokeTest"/>
  <testcase name="ValidateAccountSettings" classname="smokeTest.ValidateSmokeTest">
    <skipped/>
  </testcase> <!-- ValidateAccountSettings -->
  <testcase name="ValidateSetNotifications" classname="smokeTest.ValidateSmokeTest">
    <skipped/>
  </testcase> <!-- ValidateSetNotifications -->
  <testcase name="ValidateLoginUser" classname="smokeTest.ValidateSmokeTest">
    <skipped/>
  </testcase> <!-- ValidateLoginUser -->
  <testcase name="ValidateMyAccountList" classname="smokeTest.ValidateSmokeTest">
    <skipped/>
  </testcase> <!-- ValidateMyAccountList -->
</testsuite> <!-- smokeTest.ValidateSmokeTest -->
