<?xml version="1.0" encoding="UTF-8"?>
<!-- Generated by org.testng.reporters.JUnitReportReporter -->
<testsuite skipped="0" hostname="DESKTOP-B75F35K" name="smokeTest.ValidateSmokeTest" tests="9" failures="0" timestamp="30 Oct 2018 07:39:55 GMT" time="97.435" errors="0">
  <testcase name="ValidateLogin" time="19.254" classname="smokeTest.ValidateSmokeTest"/>
  <testcase name="ValidateMarkITPlacePage" time="5.225" classname="smokeTest.ValidateSmokeTest"/>
  <testcase name="ValidateManageTab" time="5.151" classname="smokeTest.ValidateSmokeTest"/>
  <testcase name="ValidateInsightTab" time="10.202" classname="smokeTest.ValidateSmokeTest"/>
  <testcase name="ValidateNotificationPage" time="5.161" classname="smokeTest.ValidateSmokeTest"/>
  <testcase name="ValidateLogo" time="5.147" classname="smokeTest.ValidateSmokeTest"/>
  <testcase name="ValidateLogout" time="15.301" classname="smokeTest.ValidateSmokeTest"/>
  <testcase name="ValidateForgetPswd" time="21.270" classname="smokeTest.ValidateSmokeTest"/>
  <testcase name="ValidateRegPage" time="10.724" classname="smokeTest.ValidateSmokeTest"/>
</testsuite> <!-- smokeTest.ValidateSmokeTest -->
