<?xml version="1.0" encoding="UTF-8"?>
<!-- Generated by org.testng.reporters.JUnitReportReporter -->
<testsuite skipped="2" hostname="DESKTOP-B75F35K" name="smokeTest.ValidateSmokeTest" tests="22" failures="0" timestamp="02 Nov 2018 07:32:34 GMT" time="121.865" errors="0">
  <testcase name="ValidateLogin" time="18.417" classname="smokeTest.ValidateSmokeTest"/>
  <testcase name="ValidateMarkITPlacePage" time="2.334" classname="smokeTest.ValidateSmokeTest"/>
  <testcase name="ValidateManageTab" time="2.239" classname="smokeTest.ValidateSmokeTest"/>
  <testcase name="ValidateInsightTab" time="3.203" classname="smokeTest.ValidateSmokeTest"/>
  <testcase name="ValidateNotificationPage" time="2.227" classname="smokeTest.ValidateSmokeTest"/>
  <testcase name="ValidateLogo" time="5.132" classname="smokeTest.ValidateSmokeTest"/>
  <testcase name="ValidateMyProfile" time="8.061" classname="smokeTest.ValidateSmokeTest"/>
  <testcase name="ValidateEditProfile" time="7.241" classname="smokeTest.ValidateSmokeTest"/>
  <testcase name="ValidateChangePassword" time="7.492" classname="smokeTest.ValidateSmokeTest"/>
  <testcase name="ValidateAccountSettings" time="2.218" classname="smokeTest.ValidateSmokeTest"/>
  <testcase name="ValidateCatalogRestriction" time="2.195" classname="smokeTest.ValidateSmokeTest"/>
  <testcase name="ValidateDomainLink" time="2.230" classname="smokeTest.ValidateSmokeTest"/>
  <testcase name="ValidateSetNotifications" time="10.394" classname="smokeTest.ValidateSmokeTest"/>
  <testcase name="ValidateAddressPage" time="12.395" classname="smokeTest.ValidateSmokeTest"/>
  <testcase name="ValidateUsersPage" time="15.473" classname="smokeTest.ValidateSmokeTest"/>
  <testcase name="ValidateRequestTab" time="2.170" classname="smokeTest.ValidateSmokeTest"/>
  <testcase name="ValidateInviteTab" time="2.186" classname="smokeTest.ValidateSmokeTest"/>
  <testcase name="ValidateLogout" time="4.367" classname="smokeTest.ValidateSmokeTest"/>
  <testcase name="ValidateForgetPswd" time="8.277" classname="smokeTest.ValidateSmokeTest"/>
  <testcase name="ValidateRegPage" time="3.614" classname="smokeTest.ValidateSmokeTest"/>
  <testcase name="ValidateLoginUser" classname="smokeTest.ValidateSmokeTest">
    <skipped/>
  </testcase> <!-- ValidateLoginUser -->
  <testcase name="ValidateMyAccountList" classname="smokeTest.ValidateSmokeTest">
    <skipped/>
  </testcase> <!-- ValidateMyAccountList -->
</testsuite> <!-- smokeTest.ValidateSmokeTest -->
