<?xml version="1.0" encoding="UTF-8"?>
<!-- Generated by org.testng.reporters.JUnitReportReporter -->
<testsuite skipped="3" hostname="DESKTOP-B75F35K" name="smokeTest.ValidateSmokeTest" tests="22" failures="0" timestamp="16 Nov 2018 04:42:28 GMT" time="101.998" errors="0">
  <testcase name="ValidateLogin" time="14.059" classname="smokeTest.ValidateSmokeTest"/>
  <testcase name="ValidateMarkITPlacePage" time="2.251" classname="smokeTest.ValidateSmokeTest"/>
  <testcase name="ValidateManageTab" time="2.294" classname="smokeTest.ValidateSmokeTest"/>
  <testcase name="ValidateInsightTab" time="3.173" classname="smokeTest.ValidateSmokeTest"/>
  <testcase name="ValidateNotificationPage" time="2.274" classname="smokeTest.ValidateSmokeTest"/>
  <testcase name="ValidateLogo" time="5.167" classname="smokeTest.ValidateSmokeTest"/>
  <testcase name="ValidateMyProfile" time="5.748" classname="smokeTest.ValidateSmokeTest"/>
  <testcase name="ValidateEditProfile" time="7.210" classname="smokeTest.ValidateSmokeTest"/>
  <testcase name="ValidateChangePassword" time="8.343" classname="smokeTest.ValidateSmokeTest"/>
  <testcase name="ValidateAccountSettings" time="2.632" classname="smokeTest.ValidateSmokeTest"/>
  <testcase name="ValidateCatalogRestriction" time="2.173" classname="smokeTest.ValidateSmokeTest"/>
  <testcase name="ValidateDomainLink" time="2.272" classname="smokeTest.ValidateSmokeTest"/>
  <testcase name="ValidateAddressPage" time="9.697" classname="smokeTest.ValidateSmokeTest"/>
  <testcase name="ValidateUsersPage" time="12.637" classname="smokeTest.ValidateSmokeTest"/>
  <testcase name="ValidateRequestTab" time="3.237" classname="smokeTest.ValidateSmokeTest"/>
  <testcase name="ValidateInviteTab" time="2.149" classname="smokeTest.ValidateSmokeTest"/>
  <testcase name="ValidateLogout" time="4.606" classname="smokeTest.ValidateSmokeTest"/>
  <testcase name="ValidateForgetPswd" time="8.327" classname="smokeTest.ValidateSmokeTest"/>
  <testcase name="ValidateRegPage" time="3.749" classname="smokeTest.ValidateSmokeTest"/>
  <testcase name="ValidateSetNotifications" classname="smokeTest.ValidateSmokeTest">
    <skipped/>
  </testcase> <!-- ValidateSetNotifications -->
  <testcase name="ValidateLoginUser" classname="smokeTest.ValidateSmokeTest">
    <skipped/>
  </testcase> <!-- ValidateLoginUser -->
  <testcase name="ValidateMyAccountList" classname="smokeTest.ValidateSmokeTest">
    <skipped/>
  </testcase> <!-- ValidateMyAccountList -->
</testsuite> <!-- smokeTest.ValidateSmokeTest -->
